Remember that you can report errors and get help in https://github.com/NicoSantangelo/sublime-gulp

06-11-2017 21:30:
/Users/superuser/Library/Application Support/Sublime Text 3/Packages/Gulp/write_tasks_to_cache.js:31
        throw ex;
        ^

TypeError: gulp.tasks is not a function
    at Object.<anonymous> (/Users/superuser/Desktop/workflows/.sublime-gulp-tmp.js:3:6)
    at Module._compile (module.js:570:32)
    at Object.Module._extensions..js (module.js:579:10)
    at Module.load (module.js:487:32)
    at tryModuleLoad (module.js:446:12)
    at Function.Module._load (module.js:438:3)
    at Module.require (module.js:497:17)
    at require (internal/module.js:20:19)
    at requireGulp (/Users/superuser/Library/Application Support/Sublime Text 3/Packages/Gulp/write_tasks_to_cache.js:28:16)
    at Object.<anonymous> (/Users/superuser/Library/Application Support/Sublime Text 3/Packages/Gulp/write_tasks_to_cache.js:83:12)


06-11-2017 21:31:
/Users/superuser/Library/Application Support/Sublime Text 3/Packages/Gulp/write_tasks_to_cache.js:31
        throw ex;
        ^

TypeError: gulp.tasks is not a function
    at Object.<anonymous> (/Users/superuser/Desktop/workflows/.sublime-gulp-tmp.js:3:6)
    at Module._compile (module.js:570:32)
    at Object.Module._extensions..js (module.js:579:10)
    at Module.load (module.js:487:32)
    at tryModuleLoad (module.js:446:12)
    at Function.Module._load (module.js:438:3)
    at Module.require (module.js:497:17)
    at require (internal/module.js:20:19)
    at requireGulp (/Users/superuser/Library/Application Support/Sublime Text 3/Packages/Gulp/write_tasks_to_cache.js:28:16)
    at Object.<anonymous> (/Users/superuser/Library/Application Support/Sublime Text 3/Packages/Gulp/write_tasks_to_cache.js:83:12)
